2022-08-18 17:37:55,963 INFO loading None profile from config C:\Users\Sean\.twarc
2022-08-18 17:37:55,966 INFO creating http session
2022-08-18 17:37:55,966 INFO creating OAuth1 user authentication
2022-08-18 17:37:55,966 INFO getting ('https://api.twitter.com/1.1/account/verify_credentials.json',) {'params': {'tweet_mode': 'extended'}}
2022-08-18 17:37:56,177 INFO getting ('https://api.twitter.com/1.1/search/tweets.json',) {'params': {'count': 100, 'q': '(ukraine AND kherson) OR (russia AND kherson)', 'include_ext_alt_text': 'true', 'include_entities': 'true', 'result_type': 'recent', 'tweet_mode': 'extended'}}
2022-08-18 17:37:56,694 INFO archived 1560380491504750592
2022-08-18 17:37:56,695 INFO archived 1560380474530332677
2022-08-18 17:37:56,696 INFO archived 1560380428774768640
2022-08-18 17:37:56,697 INFO archived 1560380383916695555
2022-08-18 17:37:56,697 INFO archived 1560380359262478336
2022-08-18 17:37:56,698 INFO archived 1560380355881979906
2022-08-18 17:37:56,700 INFO archived 1560380205453250566
2022-08-18 17:37:56,701 INFO archived 1560380165955506176
2022-08-18 17:37:56,702 INFO archived 1560380163673755648
2022-08-18 17:37:56,703 INFO archived 1560380100666728448
2022-08-18 17:37:56,704 INFO archived 1560380049496444932
2022-08-18 17:37:56,705 INFO archived 1560380028986294273
2022-08-18 17:37:56,706 INFO archived 1560380024330543104
2022-08-18 17:37:56,707 INFO archived 1560380018068537345
2022-08-18 17:37:56,708 INFO archived 1560379999257067522
2022-08-18 17:37:56,709 INFO archived 1560379975215333376
2022-08-18 17:37:56,710 INFO archived 1560379868369534979
2022-08-18 17:37:56,711 INFO archived 1560379849159708674
2022-08-18 17:37:56,712 INFO archived 1560379766385131528
2022-08-18 17:37:56,713 INFO archived 1560379714857992195
2022-08-18 17:37:56,714 INFO archived 1560379659665039360
2022-08-18 17:37:56,715 INFO archived 1560379626714566657
2022-08-18 17:37:56,716 INFO archived 1560379418429759488
2022-08-18 17:37:56,717 INFO archived 1560379203161395205
2022-08-18 17:37:56,719 INFO archived 1560379171464892416
2022-08-18 17:37:56,721 INFO archived 1560379105249357824
2022-08-18 17:37:56,721 INFO archived 1560379080515764225
2022-08-18 17:37:56,723 INFO archived 1560379030263709699
2022-08-18 17:37:56,724 INFO archived 1560379026769952771
2022-08-18 17:37:56,725 INFO archived 1560378993269932032
2022-08-18 17:37:56,726 INFO archived 1560378970322997249
2022-08-18 17:37:56,727 INFO archived 1560378960831209474
2022-08-18 17:37:56,728 INFO archived 1560378885753245696
2022-08-18 17:37:56,729 INFO archived 1560378871563927553
2022-08-18 17:37:56,730 INFO archived 1560378866882985986
2022-08-18 17:37:56,731 INFO archived 1560378811220463617
2022-08-18 17:37:56,732 INFO archived 1560378777196273668
2022-08-18 17:37:56,734 INFO archived 1560378773077377025
2022-08-18 17:37:56,734 INFO archived 1560378741070651395
2022-08-18 17:37:56,735 INFO archived 1560378726126419968
2022-08-18 17:37:56,737 INFO archived 1560378688599834624
2022-08-18 17:37:56,738 INFO archived 1560378679938646022
2022-08-18 17:37:56,739 INFO archived 1560378668576382980
2022-08-18 17:37:56,741 INFO archived 1560378590746787843
2022-08-18 17:37:56,742 INFO archived 1560378559088164864
2022-08-18 17:37:56,743 INFO archived 1560378556403826689
2022-08-18 17:37:56,744 INFO archived 1560378524837593088
2022-08-18 17:37:56,745 INFO archived 1560378521658204160
2022-08-18 17:37:56,746 INFO archived 1560378514356015105
2022-08-18 17:37:56,746 INFO archived 1560378448207650818
2022-08-18 17:37:56,747 INFO archived 1560378445217013762
2022-08-18 17:37:56,748 INFO archived 1560378407556452353
2022-08-18 17:37:56,749 INFO archived 1560378392339415045
2022-08-18 17:37:56,750 INFO archived 1560378334860689413
2022-08-18 17:37:56,750 INFO archived 1560378334076440578
2022-08-18 17:37:56,752 INFO archived 1560378329492082688
2022-08-18 17:37:56,753 INFO archived 1560378220393938944
2022-08-18 17:37:56,754 INFO archived 1560378021600796675
2022-08-18 17:37:56,755 INFO archived 1560377973311787014
2022-08-18 17:37:56,756 INFO archived 1560377856538066945
2022-08-18 17:37:56,757 INFO archived 1560377837328011264
2022-08-18 17:37:56,758 INFO archived 1560377766058795008
2022-08-18 17:37:56,759 INFO archived 1560377733619793922
2022-08-18 17:37:56,760 INFO archived 1560377686824026114
2022-08-18 17:37:56,761 INFO archived 1560377660810969090
2022-08-18 17:37:56,761 INFO archived 1560377619832619013
2022-08-18 17:37:56,762 INFO archived 1560377512974290944
2022-08-18 17:37:56,764 INFO archived 1560377502136164352
2022-08-18 17:37:56,765 INFO archived 1560377493969899521
2022-08-18 17:37:56,765 INFO archived 1560377424382156801
2022-08-18 17:37:56,766 INFO archived 1560377394028060679
2022-08-18 17:37:56,768 INFO archived 1560377349648031745
2022-08-18 17:37:56,769 INFO archived 1560377261576142850
2022-08-18 17:37:56,770 INFO archived 1560377238092218370
2022-08-18 17:37:56,771 INFO archived 1560377167208280066
2022-08-18 17:37:56,772 INFO archived 1560377134878703616
2022-08-18 17:37:56,773 INFO archived 1560377109738135553
2022-08-18 17:37:56,774 INFO archived 1560377091828367361
2022-08-18 17:37:56,775 INFO archived 1560377044369690624
2022-08-18 17:37:56,776 INFO archived 1560377010702102528
2022-08-18 17:37:56,777 INFO archived 1560376978074730504
2022-08-18 17:37:56,779 INFO archived 1560376973943345153
2022-08-18 17:37:56,780 INFO archived 1560376868477571072
2022-08-18 17:37:56,781 INFO archived 1560376866107969536
2022-08-18 17:37:56,782 INFO archived 1560376819391537152
2022-08-18 17:37:56,783 INFO archived 1560376768665554944
2022-08-18 17:37:56,784 INFO archived 1560376714064281600
2022-08-18 17:37:56,785 INFO archived 1560376710616547337
2022-08-18 17:37:56,786 INFO archived 1560376696959803392
2022-08-18 17:37:56,787 INFO archived 1560376628177412096
2022-08-18 17:37:56,788 INFO archived 1560376597407887360
2022-08-18 17:37:56,790 INFO archived 1560376519284985859
2022-08-18 17:37:56,791 INFO archived 1560376477362712578
2022-08-18 17:37:56,792 INFO archived 1560376472791031808
2022-08-18 17:37:56,793 INFO archived 1560376410438508546
2022-08-18 17:37:56,794 INFO archived 1560376363319705601
2022-08-18 17:37:56,795 INFO archived 1560376346915864576
2022-08-18 17:37:56,796 INFO archived 1560376219350228994
2022-08-18 17:37:56,796 INFO archived 1560376145262034945
2022-08-18 17:37:56,797 INFO archived 1560376091197546496
2022-08-18 17:37:56,797 INFO getting ('https://api.twitter.com/1.1/search/tweets.json',) {'params': {'count': 100, 'q': '(ukraine AND kherson) OR (russia AND kherson)', 'include_ext_alt_text': 'true', 'include_entities': 'true', 'result_type': 'recent', 'tweet_mode': 'extended', 'max_id': '1560376091197546495'}}
2022-08-18 17:37:57,197 INFO archived 1560376053876523009
2022-08-18 17:37:57,199 INFO archived 1560375985480290305
2022-08-18 17:37:57,200 INFO archived 1560375964353277952
2022-08-18 17:37:57,201 INFO archived 1560375892471267328
2022-08-18 17:37:57,202 INFO archived 1560375869142577152
2022-08-18 17:37:57,203 INFO archived 1560375856299708417
2022-08-18 17:37:57,204 INFO archived 1560375800246976513
2022-08-18 17:37:57,206 INFO archived 1560375757418811393
2022-08-18 17:37:57,207 INFO archived 1560375646097915905
2022-08-18 17:37:57,208 INFO archived 1560375621443805185
2022-08-18 17:37:57,209 INFO archived 1560375596018028545
2022-08-18 17:37:57,209 INFO archived 1560375567878201344
2022-08-18 17:37:57,211 INFO archived 1560375230975311872
2022-08-18 17:37:57,211 INFO archived 1560375228810858496
2022-08-18 17:37:57,212 INFO archived 1560375131884687360
2022-08-18 17:37:57,213 INFO archived 1560375053619187712
2022-08-18 17:37:57,214 INFO archived 1560375042256637952
2022-08-18 17:37:57,215 INFO archived 1560374967702896640
2022-08-18 17:37:57,216 INFO archived 1560374954864115713
2022-08-18 17:37:57,217 INFO archived 1560374852594327554
2022-08-18 17:37:57,218 INFO archived 1560374847104077825
2022-08-18 17:37:57,220 INFO archived 1560374841529831425
2022-08-18 17:37:57,221 INFO archived 1560374778363580417
2022-08-18 17:37:57,222 INFO archived 1560374772999065602
2022-08-18 17:37:57,223 INFO archived 1560374769224101888
2022-08-18 17:37:57,224 INFO archived 1560374752660840454
2022-08-18 17:37:57,225 INFO archived 1560374721245577217
2022-08-18 17:37:57,226 INFO archived 1560374697723940865
2022-08-18 17:37:57,227 INFO archived 1560374622603816962
2022-08-18 17:37:57,228 INFO archived 1560374545772646407
2022-08-18 17:37:57,230 INFO archived 1560374512012496896
2022-08-18 17:37:57,231 INFO archived 1560374440948531200
2022-08-18 17:37:57,232 INFO archived 1560374397222801408
2022-08-18 17:37:57,233 INFO archived 1560374368739409921
2022-08-18 17:37:57,234 INFO archived 1560374351253446656
2022-08-18 17:37:57,235 INFO archived 1560374308718919681
2022-08-18 17:37:57,235 INFO archived 1560374234173546498
2022-08-18 17:37:57,237 INFO archived 1560374228314214408
2022-08-18 17:37:57,238 INFO archived 1560374143798894593
2022-08-18 17:37:57,239 INFO archived 1560374010269007874
2022-08-18 17:37:57,240 INFO archived 1560373776872747008
2022-08-18 17:37:57,241 INFO archived 1560373745096593408
2022-08-18 17:37:57,242 INFO archived 1560373729967984642
2022-08-18 17:37:57,243 INFO archived 1560373705603153920
2022-08-18 17:37:57,244 INFO archived 1560373608475656192
2022-08-18 17:37:57,245 INFO archived 1560373584098385920
2022-08-18 17:37:57,246 INFO archived 1560373527831781378
2022-08-18 17:37:57,247 INFO archived 1560373492553490433
2022-08-18 17:37:57,248 INFO archived 1560373473146462208
2022-08-18 17:37:57,249 INFO archived 1560373466762661889
2022-08-18 17:37:57,250 INFO archived 1560373444042170368
2022-08-18 17:37:57,251 INFO archived 1560373419455168512
2022-08-18 17:37:57,252 INFO archived 1560373414363369474
2022-08-18 17:37:57,253 INFO archived 1560373402761940992
2022-08-18 17:37:57,254 INFO archived 1560373391881867268
2022-08-18 17:37:57,255 INFO archived 1560373363503136768
2022-08-18 17:37:57,256 INFO archived 1560373353600503811
2022-08-18 17:37:57,257 INFO archived 1560373283949879296
2022-08-18 17:37:57,258 INFO archived 1560373278212034562
2022-08-18 17:37:57,259 INFO archived 1560373262240174081
2022-08-18 17:37:57,260 INFO archived 1560373250227576840
2022-08-18 17:37:57,261 INFO archived 1560373243470835712
2022-08-18 17:37:57,263 INFO archived 1560373217398702080
2022-08-18 17:37:57,264 INFO archived 1560373190295228417
2022-08-18 17:37:57,265 INFO archived 1560373161111191556
2022-08-18 17:37:57,266 INFO archived 1560373129783943168
2022-08-18 17:37:57,267 INFO archived 1560373092442054658
2022-08-18 17:37:57,269 INFO archived 1560373060175282178
2022-08-18 17:37:57,270 INFO archived 1560373041011490826
2022-08-18 17:37:57,271 INFO archived 1560373037790535680
2022-08-18 17:37:57,272 INFO archived 1560373035252649984
2022-08-18 17:37:57,273 INFO archived 1560373025165361152
2022-08-18 17:37:57,274 INFO archived 1560372986078797832
2022-08-18 17:37:57,275 INFO archived 1560372887676125184
2022-08-18 17:37:57,277 INFO archived 1560372875231744002
2022-08-18 17:37:57,277 INFO archived 1560372855019388929
2022-08-18 17:37:57,279 INFO archived 1560372747162861573
2022-08-18 17:37:57,280 INFO archived 1560372669358522370
2022-08-18 17:37:57,282 INFO archived 1560372657266245632
2022-08-18 17:37:57,283 INFO archived 1560372615990202373
2022-08-18 17:37:57,284 INFO archived 1560372540824031233
2022-08-18 17:37:57,285 INFO archived 1560372472490377216
2022-08-18 17:37:57,286 INFO archived 1560372425732550656
2022-08-18 17:37:57,287 INFO archived 1560372384775000068
2022-08-18 17:37:57,288 INFO archived 1560372352164192256
2022-08-18 17:37:57,289 INFO archived 1560372348162871297
2022-08-18 17:37:57,291 INFO archived 1560372311206682625
2022-08-18 17:37:57,292 INFO archived 1560372275614199809
2022-08-18 17:37:57,293 INFO archived 1560372263937101825
2022-08-18 17:37:57,294 INFO archived 1560372259499409410
2022-08-18 17:37:57,295 INFO archived 1560372256479518720
2022-08-18 17:37:57,296 INFO archived 1560372255862947842
2022-08-18 17:37:57,297 INFO archived 1560372208240713731
2022-08-18 17:37:57,298 INFO archived 1560372183117053956
2022-08-18 17:37:57,299 INFO archived 1560372145007431681
2022-08-18 17:37:57,300 INFO archived 1560372126149779456
2022-08-18 17:37:57,301 INFO archived 1560372075797385217
2022-08-18 17:37:57,303 INFO archived 1560372056004464640
2022-08-18 17:37:57,303 INFO archived 1560371950387609601
2022-08-18 17:37:57,305 INFO archived 1560371927058747392
2022-08-18 17:37:57,305 INFO getting ('https://api.twitter.com/1.1/search/tweets.json',) {'params': {'count': 100, 'q': '(ukraine AND kherson) OR (russia AND kherson)', 'include_ext_alt_text': 'true', 'include_entities': 'true', 'result_type': 'recent', 'tweet_mode': 'extended', 'max_id': '1560371927058747391'}}
2022-08-18 17:37:57,631 INFO archived 1560371915021291520
2022-08-18 17:37:57,633 INFO archived 1560371823501533185
2022-08-18 17:37:57,633 INFO archived 1560371806896267267
2022-08-18 17:37:57,635 INFO archived 1560371768140959746
2022-08-18 17:37:57,635 INFO archived 1560371757512593410
2022-08-18 17:37:57,637 INFO archived 1560371733244399617
2022-08-18 17:37:57,638 INFO archived 1560371702965714946
2022-08-18 17:37:57,639 INFO archived 1560371697219502084
2022-08-18 17:37:57,640 INFO archived 1560371665317646337
2022-08-18 17:37:57,641 INFO archived 1560371643926695938
2022-08-18 17:37:57,642 INFO archived 1560371616349044736
2022-08-18 17:37:57,643 INFO archived 1560371584937799680
2022-08-18 17:37:57,644 INFO archived 1560371567699173376
2022-08-18 17:37:57,645 INFO archived 1560371549072510976
2022-08-18 17:37:57,646 INFO archived 1560371540004315136
2022-08-18 17:37:57,647 INFO archived 1560371531389186049
2022-08-18 17:37:57,648 INFO archived 1560371526272225281
2022-08-18 17:37:57,649 INFO archived 1560371507641081864
2022-08-18 17:37:57,650 INFO archived 1560371506022162432
2022-08-18 17:37:57,652 INFO archived 1560371483721043971
2022-08-18 17:37:57,652 INFO archived 1560371456713916416
2022-08-18 17:37:57,653 INFO archived 1560371429064859649
2022-08-18 17:37:57,654 INFO archived 1560371423927050241
2022-08-18 17:37:57,655 INFO archived 1560371409712517120
2022-08-18 17:37:57,656 INFO archived 1560371380901892098
2022-08-18 17:37:57,657 INFO archived 1560371353915621379
2022-08-18 17:37:57,658 INFO archived 1560371346181394432
2022-08-18 17:37:57,659 INFO archived 1560371321216716800
2022-08-18 17:37:57,660 INFO archived 1560371318318665731
2022-08-18 17:37:57,661 INFO archived 1560371318016446464
2022-08-18 17:37:57,662 INFO archived 1560371278686683138
2022-08-18 17:37:57,663 INFO archived 1560371246180835329
2022-08-18 17:37:57,664 INFO archived 1560371231941083149
2022-08-18 17:37:57,665 INFO archived 1560371227470045189
2022-08-18 17:37:57,666 INFO archived 1560371217089044482
2022-08-18 17:37:57,668 INFO archived 1560371210822844416
2022-08-18 17:37:57,668 INFO archived 1560371109006032896
2022-08-18 17:37:57,669 INFO archived 1560371077020209155
2022-08-18 17:37:57,670 INFO archived 1560371060113133570
2022-08-18 17:37:57,671 INFO archived 1560371003414286336
2022-08-18 17:37:57,672 INFO archived 1560370988914577409
2022-08-18 17:37:57,673 INFO archived 1560370974809378824
2022-08-18 17:37:57,674 INFO archived 1560370961060450308
2022-08-18 17:37:57,675 INFO archived 1560370950339788803
2022-08-18 17:37:57,677 INFO archived 1560370908493234176
2022-08-18 17:37:57,678 INFO archived 1560370905624223744
2022-08-18 17:37:57,679 INFO archived 1560370895532789762
2022-08-18 17:37:57,680 INFO archived 1560370874737479682
2022-08-18 17:37:57,681 INFO archived 1560370840453128192
2022-08-18 17:37:57,681 INFO archived 1560370704121569281
2022-08-18 17:37:57,683 INFO archived 1560370656734195712
2022-08-18 17:37:57,684 INFO archived 1560370636400238592
2022-08-18 17:37:57,685 INFO archived 1560370631891456000
2022-08-18 17:37:57,686 INFO archived 1560370585871732736
2022-08-18 17:37:57,687 INFO archived 1560370497631690752
2022-08-18 17:37:57,688 INFO archived 1560370416153202690
2022-08-18 17:37:57,688 INFO archived 1560370408041467904
2022-08-18 17:37:57,690 INFO archived 1560370402697805827
2022-08-18 17:37:57,691 INFO archived 1560370394363826177
2022-08-18 17:37:57,692 INFO archived 1560370381843795971
2022-08-18 17:37:57,693 INFO archived 1560370323312316416
2022-08-18 17:37:57,694 INFO archived 1560370310410448896
2022-08-18 17:37:57,695 INFO archived 1560370297986945026
2022-08-18 17:37:57,696 INFO archived 1560370257050599425
2022-08-18 17:37:57,698 INFO archived 1560370129833062403
2022-08-18 17:37:57,698 INFO archived 1560369755025944577
2022-08-18 17:37:57,699 INFO archived 1560369711451365377
2022-08-18 17:37:57,700 INFO archived 1560369678568116228
2022-08-18 17:37:57,702 INFO archived 1560369633877786624
2022-08-18 17:37:57,703 INFO archived 1560369566122840064
2022-08-18 17:37:57,704 INFO archived 1560369496271077378
2022-08-18 17:37:57,705 INFO archived 1560369460623581186
2022-08-18 17:37:57,706 INFO archived 1560369449965961217
2022-08-18 17:37:57,707 INFO archived 1560369448762105857
2022-08-18 17:37:57,709 INFO archived 1560369392067743744
2022-08-18 17:37:57,710 INFO archived 1560369318860189696
2022-08-18 17:37:57,712 INFO archived 1560369310068924417
2022-08-18 17:37:57,713 INFO archived 1560369266616057857
2022-08-18 17:37:57,714 INFO archived 1560369212509433857
2022-08-18 17:37:57,715 INFO archived 1560369194566406149
2022-08-18 17:37:57,716 INFO archived 1560369168167362560
2022-08-18 17:37:57,717 INFO archived 1560369156310147076
2022-08-18 17:37:57,718 INFO archived 1560369141479096320
2022-08-18 17:37:57,719 INFO archived 1560369096193089549
2022-08-18 17:37:57,720 INFO archived 1560369079000924160
2022-08-18 17:37:57,721 INFO archived 1560369058041806852
2022-08-18 17:37:57,722 INFO archived 1560369022113574912
2022-08-18 17:37:57,723 INFO archived 1560369010079764480
2022-08-18 17:37:57,724 INFO archived 1560368939028430849
2022-08-18 17:37:57,725 INFO archived 1560368908888072197
2022-08-18 17:37:57,726 INFO archived 1560368875224571905
2022-08-18 17:37:57,727 INFO archived 1560368874264182786
2022-08-18 17:37:57,728 INFO archived 1560368768781389824
2022-08-18 17:37:57,729 INFO archived 1560368762406244353
2022-08-18 17:37:57,730 INFO archived 1560368727958474753
2022-08-18 17:37:57,732 INFO archived 1560368681862934528
2022-08-18 17:37:57,733 INFO archived 1560368642239262720
2022-08-18 17:37:57,735 INFO archived 1560368612912906240
2022-08-18 17:37:57,736 INFO archived 1560368586157326338
2022-08-18 17:37:57,737 INFO archived 1560368507656687616
2022-08-18 17:37:57,737 INFO getting ('https://api.twitter.com/1.1/search/tweets.json',) {'params': {'count': 100, 'q': '(ukraine AND kherson) OR (russia AND kherson)', 'include_ext_alt_text': 'true', 'include_entities': 'true', 'result_type': 'recent', 'tweet_mode': 'extended', 'max_id': '1560368507656687615'}}
2022-08-18 17:37:58,214 INFO archived 1560368496978149376
2022-08-18 17:37:58,215 INFO archived 1560368471963312129
2022-08-18 17:37:58,217 INFO archived 1560368412878045186
2022-08-18 17:37:58,218 INFO archived 1560368366476468225
2022-08-18 17:37:58,219 INFO archived 1560368340710801408
2022-08-18 17:37:58,222 INFO archived 1560368309907795968
2022-08-18 17:37:58,223 INFO archived 1560368285232898053
2022-08-18 17:37:58,224 INFO archived 1560368203850604544
2022-08-18 17:37:58,225 INFO archived 1560368192333258753
2022-08-18 17:37:58,226 INFO archived 1560368129963954177
2022-08-18 17:37:58,227 INFO archived 1560368115334135810
2022-08-18 17:37:58,228 INFO archived 1560368110275903488
2022-08-18 17:37:58,229 INFO archived 1560368107989770240
2022-08-18 17:37:58,231 INFO archived 1560368102436749312
2022-08-18 17:37:58,232 INFO archived 1560368094215753728
2022-08-18 17:37:58,233 INFO archived 1560368049118515200
2022-08-18 17:37:58,234 INFO archived 1560368035294334976
2022-08-18 17:37:58,235 INFO archived 1560368018567208960
2022-08-18 17:37:58,236 INFO archived 1560367866058350592
2022-08-18 17:37:58,238 INFO archived 1560367856776364033
2022-08-18 17:37:58,238 INFO archived 1560367817135890434
2022-08-18 17:37:58,240 INFO archived 1560367792158810115
2022-08-18 17:37:58,241 INFO archived 1560367775943725058
2022-08-18 17:37:58,242 INFO archived 1560367738681524224
2022-08-18 17:37:58,242 INFO archived 1560367708583170049
2022-08-18 17:37:58,244 INFO archived 1560367679369789444
2022-08-18 17:37:58,246 INFO archived 1560367677008277504
2022-08-18 17:37:58,247 INFO archived 1560367652018667520
2022-08-18 17:37:58,248 INFO archived 1560367614362263552
2022-08-18 17:37:58,249 INFO archived 1560367611648643072
2022-08-18 17:37:58,250 INFO archived 1560367608163176449
2022-08-18 17:37:58,252 INFO archived 1560367585392472064
2022-08-18 17:37:58,252 INFO archived 1560367475761582080
2022-08-18 17:37:58,253 INFO archived 1560367452634365952
2022-08-18 17:37:58,255 INFO archived 1560367450729881600
2022-08-18 17:37:58,255 INFO archived 1560367429909446657
2022-08-18 17:37:58,257 INFO archived 1560367314725470211
2022-08-18 17:37:58,258 INFO archived 1560367309369143296
2022-08-18 17:37:58,259 INFO archived 1560367305103638534
2022-08-18 17:37:58,260 INFO archived 1560367251110469633
2022-08-18 17:37:58,261 INFO archived 1560367235134365696
2022-08-18 17:37:58,262 INFO archived 1560367190976520192
2022-08-18 17:37:58,263 INFO archived 1560367172060434433
2022-08-18 17:37:58,263 INFO archived 1560367155199221761
2022-08-18 17:37:58,266 INFO archived 1560367148320448512
2022-08-18 17:37:58,268 INFO archived 1560367055211298816
2022-08-18 17:37:58,269 INFO archived 1560366997266997251
2022-08-18 17:37:58,269 INFO archived 1560366941893804032
2022-08-18 17:37:58,271 INFO archived 1560366908100182019
2022-08-18 17:37:58,272 INFO archived 1560366899526963200
2022-08-18 17:37:58,273 INFO archived 1560366822666420225
2022-08-18 17:37:58,275 INFO archived 1560366798507220993
2022-08-18 17:37:58,276 INFO archived 1560366797152403457
2022-08-18 17:37:58,277 INFO archived 1560366747198316547
2022-08-18 17:37:58,278 INFO archived 1560366716789690368
2022-08-18 17:37:58,279 INFO archived 1560366673395326976
2022-08-18 17:37:58,280 INFO archived 1560366664381784064
2022-08-18 17:37:58,280 INFO archived 1560366663580672003
2022-08-18 17:37:58,281 INFO archived 1560366583603658758
2022-08-18 17:37:58,283 INFO archived 1560366487231033344
2022-08-18 17:37:58,284 INFO archived 1560366473813659654
2022-08-18 17:37:58,285 INFO archived 1560366380058386435
2022-08-18 17:37:58,285 INFO archived 1560366370755416069
2022-08-18 17:37:58,287 INFO archived 1560366352870809602
2022-08-18 17:37:58,288 INFO archived 1560366342817054720
2022-08-18 17:37:58,289 INFO archived 1560366333560119296
2022-08-18 17:37:58,291 INFO archived 1560366317139632129
2022-08-18 17:37:58,292 INFO archived 1560366305919864834
2022-08-18 17:37:58,293 INFO archived 1560366260994510848
2022-08-18 17:37:58,294 INFO archived 1560366237745659904
2022-08-18 17:37:58,295 INFO archived 1560366076617052162
2022-08-18 17:37:58,296 INFO archived 1560366029410377729
2022-08-18 17:37:58,297 INFO archived 1560366012687589377
2022-08-18 17:37:58,298 INFO archived 1560366001828536321
2022-08-18 17:37:58,299 INFO archived 1560365923911061504
2022-08-18 17:37:58,300 INFO archived 1560365840326950914
2022-08-18 17:37:58,301 INFO archived 1560365697921851393
2022-08-18 17:37:58,301 INFO archived 1560365642246758401
2022-08-18 17:37:58,303 INFO archived 1560365594398056449
2022-08-18 17:37:58,303 INFO archived 1560365565641990144
2022-08-18 17:37:58,305 INFO archived 1560365561732907009
2022-08-18 17:37:58,306 INFO archived 1560365517109542913
2022-08-18 17:37:58,307 INFO archived 1560365410813448193
2022-08-18 17:37:58,308 INFO archived 1560365321437040641
2022-08-18 17:37:58,309 INFO archived 1560365312108908545
2022-08-18 17:37:58,309 INFO archived 1560365295537111041
2022-08-18 17:37:58,311 INFO archived 1560365289031745536
2022-08-18 17:37:58,312 INFO archived 1560365265023549440
2022-08-18 17:37:58,313 INFO archived 1560365262808965120
2022-08-18 17:37:58,314 INFO archived 1560365237349621760
2022-08-18 17:37:58,315 INFO archived 1560365236301053953
2022-08-18 17:37:58,316 INFO archived 1560365205124685824
2022-08-18 17:37:58,318 INFO archived 1560365164356059138
2022-08-18 17:37:58,319 INFO archived 1560365161109676036
2022-08-18 17:37:58,320 INFO archived 1560365154520674304
2022-08-18 17:37:58,321 INFO archived 1560365121385422850
2022-08-18 17:37:58,322 INFO archived 1560365109003829250
2022-08-18 17:37:58,323 INFO archived 1560365105870675972
2022-08-18 17:37:58,325 INFO archived 1560365061507612677
2022-08-18 17:37:58,326 INFO archived 1560364979907620864
2022-08-18 17:37:58,326 INFO getting ('https://api.twitter.com/1.1/search/tweets.json',) {'params': {'count': 100, 'q': '(ukraine AND kherson) OR (russia AND kherson)', 'include_ext_alt_text': 'true', 'include_entities': 'true', 'result_type': 'recent', 'tweet_mode': 'extended', 'max_id': '1560364979907620863'}}
2022-08-18 17:37:58,750 INFO archived 1560364908817969152
2022-08-18 17:37:58,751 INFO archived 1560364889138405378
2022-08-18 17:37:58,753 INFO archived 1560364826186186752
2022-08-18 17:37:58,753 INFO archived 1560364802559676417
2022-08-18 17:37:58,755 INFO archived 1560364791138553857
2022-08-18 17:37:58,756 INFO archived 1560364788542234625
2022-08-18 17:37:58,757 INFO archived 1560364698972872707
2022-08-18 17:37:58,757 INFO archived 1560364662126006274
2022-08-18 17:37:58,759 INFO archived 1560364614491291649
2022-08-18 17:37:58,760 INFO archived 1560364609655123968
2022-08-18 17:37:58,761 INFO archived 1560364583650557954
2022-08-18 17:37:58,762 INFO archived 1560364565514305537
2022-08-18 17:37:58,763 INFO archived 1560364496954294272
2022-08-18 17:37:58,764 INFO archived 1560364449969901568
2022-08-18 17:37:58,764 INFO archived 1560364365462872064
2022-08-18 17:37:58,765 INFO archived 1560364274207391745
2022-08-18 17:37:58,767 INFO archived 1560364235695308800
2022-08-18 17:37:58,767 INFO archived 1560364207949873159
2022-08-18 17:37:58,769 INFO archived 1560364126450376705
2022-08-18 17:37:58,770 INFO archived 1560364123480809474
2022-08-18 17:37:58,771 INFO archived 1560364095966158850
2022-08-18 17:37:58,772 INFO archived 1560364085102911489
2022-08-18 17:37:58,773 INFO archived 1560364061606428674
2022-08-18 17:37:58,774 INFO archived 1560364044883791880
2022-08-18 17:37:58,775 INFO archived 1560364021806559232
2022-08-18 17:37:58,776 INFO archived 1560363982455971841
2022-08-18 17:37:58,778 INFO archived 1560363942744129536
2022-08-18 17:37:58,778 INFO archived 1560363920807890945
2022-08-18 17:37:58,779 INFO archived 1560363882820079616
2022-08-18 17:37:58,780 INFO archived 1560363880483901440
2022-08-18 17:37:58,782 INFO archived 1560363851421458434
2022-08-18 17:37:58,783 INFO archived 1560363797197488128
2022-08-18 17:37:58,784 INFO archived 1560363762019966983
2022-08-18 17:37:58,785 INFO archived 1560363648115146752
2022-08-18 17:37:58,786 INFO archived 1560363635687321600
2022-08-18 17:37:58,787 INFO archived 1560363592393924610
2022-08-18 17:37:58,788 INFO archived 1560363591542489091
2022-08-18 17:37:58,789 INFO archived 1560363572995231744
2022-08-18 17:37:58,790 INFO archived 1560363548269748225
2022-08-18 17:37:58,792 INFO archived 1560363523066281989
2022-08-18 17:37:58,793 INFO archived 1560363507928932352
2022-08-18 17:37:58,794 INFO archived 1560363498617688064
2022-08-18 17:37:58,794 INFO archived 1560363476861722625
2022-08-18 17:37:58,796 INFO archived 1560363441017262080
2022-08-18 17:37:58,797 INFO archived 1560363312734523392
2022-08-18 17:37:58,799 INFO archived 1560363301736837120
2022-08-18 17:37:58,800 INFO archived 1560363224410775553
2022-08-18 17:37:58,800 INFO archived 1560363172762107907
2022-08-18 17:37:58,802 INFO archived 1560363157066944513
2022-08-18 17:37:58,803 INFO archived 1560362967887237121
2022-08-18 17:37:58,804 INFO archived 1560362937742761986
2022-08-18 17:37:58,805 INFO archived 1560362927454146563
2022-08-18 17:37:58,806 INFO archived 1560362844117520384
2022-08-18 17:37:58,807 INFO archived 1560362775888666624
2022-08-18 17:37:58,808 INFO archived 1560362737322033152
2022-08-18 17:37:58,809 INFO archived 1560362707542577152
2022-08-18 17:37:58,810 INFO archived 1560362648386129922
2022-08-18 17:37:58,811 INFO archived 1560362601158266881
2022-08-18 17:37:58,812 INFO archived 1560362591763025922
2022-08-18 17:37:58,813 INFO archived 1560362578697666560
2022-08-18 17:37:58,815 INFO archived 1560362574998343681
2022-08-18 17:37:58,816 INFO archived 1560362565888360449
2022-08-18 17:37:58,817 INFO archived 1560362542224084993
2022-08-18 17:37:58,818 INFO archived 1560362539648798726
2022-08-18 17:37:58,819 INFO archived 1560362484082495489
2022-08-18 17:37:58,820 INFO archived 1560362453350883329
2022-08-18 17:37:58,821 INFO archived 1560362437119021056
2022-08-18 17:37:58,822 INFO archived 1560362425773342720
2022-08-18 17:37:58,823 INFO archived 1560362403782705152
2022-08-18 17:37:58,824 INFO archived 1560362390981644294
2022-08-18 17:37:58,826 INFO archived 1560362356995153927
2022-08-18 17:37:58,827 INFO archived 1560362353723641856
2022-08-18 17:37:58,828 INFO archived 1560362079382650880
2022-08-18 17:37:58,829 INFO archived 1560362057710669827
2022-08-18 17:37:58,830 INFO archived 1560362027725504512
2022-08-18 17:37:58,831 INFO archived 1560361984717197312
2022-08-18 17:37:58,832 INFO archived 1560361944271491075
2022-08-18 17:37:58,833 INFO archived 1560361939695542274
2022-08-18 17:37:58,834 INFO archived 1560361875770146818
2022-08-18 17:37:58,835 INFO archived 1560361874381750275
2022-08-18 17:37:58,837 INFO archived 1560361860347699201
2022-08-18 17:37:58,838 INFO archived 1560361843926994946
2022-08-18 17:37:58,839 INFO archived 1560361807654559745
2022-08-18 17:37:58,839 INFO archived 1560361797571452930
2022-08-18 17:37:58,840 INFO archived 1560361793264009216
2022-08-18 17:37:58,841 INFO archived 1560361783927390208
2022-08-18 17:37:58,841 INFO archived 1560361730315849729
2022-08-18 17:37:58,843 INFO archived 1560361681544437761
2022-08-18 17:37:58,844 INFO archived 1560361681150218240
2022-08-18 17:37:58,845 INFO archived 1560361669171154945
2022-08-18 17:37:58,846 INFO archived 1560361645653860353
2022-08-18 17:37:58,847 INFO archived 1560361584962191360
2022-08-18 17:37:58,848 INFO archived 1560361578872143876
2022-08-18 17:37:58,848 INFO getting ('https://api.twitter.com/1.1/search/tweets.json',) {'params': {'count': 100, 'q': '(ukraine AND kherson) OR (russia AND kherson)', 'include_ext_alt_text': 'true', 'include_entities': 'true', 'result_type': 'recent', 'tweet_mode': 'extended', 'max_id': '1560361578872143875'}}
2022-08-18 17:37:59,135 INFO archived 1560361569145556999
2022-08-18 17:37:59,136 INFO archived 1560361523855368192
2022-08-18 17:37:59,137 INFO archived 1560361480687689728
2022-08-18 17:37:59,138 INFO archived 1560361458386583552
2022-08-18 17:37:59,139 INFO archived 1560361427298295808
2022-08-18 17:37:59,140 INFO archived 1560361393324539906
2022-08-18 17:37:59,142 INFO archived 1560361358394150913
2022-08-18 17:37:59,143 INFO archived 1560361300483624960
2022-08-18 17:37:59,144 INFO archived 1560361265096077312
2022-08-18 17:37:59,145 INFO archived 1560361219579555841
2022-08-18 17:37:59,146 INFO archived 1560361201942417408
2022-08-18 17:37:59,147 INFO archived 1560361200034119681
2022-08-18 17:37:59,148 INFO archived 1560361184074899462
2022-08-18 17:37:59,149 INFO archived 1560361176432869379
2022-08-18 17:37:59,150 INFO archived 1560361163782750209
2022-08-18 17:37:59,152 INFO archived 1560361142068789248
2022-08-18 17:37:59,153 INFO archived 1560361073110392832
2022-08-18 17:37:59,153 INFO archived 1560361021612691456
2022-08-18 17:37:59,155 INFO archived 1560361004852056064
2022-08-18 17:37:59,156 INFO archived 1560360988188213250
2022-08-18 17:37:59,157 INFO archived 1560360953333555200
2022-08-18 17:37:59,158 INFO archived 1560360926502608896
2022-08-18 17:37:59,159 INFO archived 1560360877064441856
2022-08-18 17:37:59,160 INFO archived 1560360870491967489
2022-08-18 17:37:59,161 INFO archived 1560360804414791680
2022-08-18 17:37:59,162 INFO archived 1560360800128303109
2022-08-18 17:37:59,163 INFO archived 1560360756880736256
2022-08-18 17:37:59,164 INFO archived 1560360741894557698
2022-08-18 17:37:59,165 INFO archived 1560360693689368576
2022-08-18 17:37:59,166 INFO archived 1560360630225276928
2022-08-18 17:37:59,168 INFO archived 1560360575112302593
2022-08-18 17:37:59,169 INFO archived 1560360573031907330
2022-08-18 17:37:59,170 INFO archived 1560360546796539904
2022-08-18 17:37:59,171 INFO archived 1560360455557849089
2022-08-18 17:37:59,171 INFO archived 1560360439028088833
2022-08-18 17:37:59,173 INFO archived 1560360436809203712
2022-08-18 17:37:59,174 INFO archived 1560360427107786753
2022-08-18 17:37:59,175 INFO archived 1560360414382276610
2022-08-18 17:37:59,176 INFO archived 1560360411379146752
2022-08-18 17:37:59,177 INFO archived 1560360371638226944
2022-08-18 17:37:59,178 INFO archived 1560360368907624449
2022-08-18 17:37:59,179 INFO archived 1560360334828994562
2022-08-18 17:37:59,180 INFO archived 1560360325198667776
2022-08-18 17:37:59,181 INFO archived 1560360309906341888
2022-08-18 17:37:59,183 INFO archived 1560360278532947970
2022-08-18 17:37:59,184 INFO archived 1560360271352369152
2022-08-18 17:37:59,184 INFO archived 1560360217623154688
2022-08-18 17:37:59,186 INFO archived 1560360206634295296
2022-08-18 17:37:59,187 INFO archived 1560360173738364936
2022-08-18 17:37:59,188 INFO archived 1560360160811536384
2022-08-18 17:37:59,188 INFO archived 1560360150426419200
2022-08-18 17:37:59,190 INFO archived 1560360096785367044
2022-08-18 17:37:59,191 INFO archived 1560360086148714496
2022-08-18 17:37:59,192 INFO archived 1560360012555378688
2022-08-18 17:37:59,193 INFO archived 1560359976979382272
2022-08-18 17:37:59,194 INFO archived 1560359931617869824
2022-08-18 17:37:59,195 INFO archived 1560359928744869888
2022-08-18 17:37:59,195 INFO archived 1560359922981912576
2022-08-18 17:37:59,196 INFO archived 1560359906267504643
2022-08-18 17:37:59,197 INFO archived 1560359875108126720
2022-08-18 17:37:59,199 INFO archived 1560359853415190530
2022-08-18 17:37:59,200 INFO archived 1560359850017558528
2022-08-18 17:37:59,201 INFO archived 1560359836855873536
2022-08-18 17:37:59,202 INFO archived 1560359767952048135
2022-08-18 17:37:59,203 INFO archived 1560359764512718848
2022-08-18 17:37:59,204 INFO archived 1560359754559590403
2022-08-18 17:37:59,205 INFO archived 1560359719302270982
2022-08-18 17:37:59,206 INFO archived 1560359661433507841
2022-08-18 17:37:59,207 INFO archived 1560359612091703297
2022-08-18 17:37:59,208 INFO archived 1560359607343747072
2022-08-18 17:37:59,209 INFO archived 1560359603262459904
2022-08-18 17:37:59,210 INFO archived 1560359570068873221
2022-08-18 17:37:59,211 INFO archived 1560359553912422408
2022-08-18 17:37:59,212 INFO archived 1560359538016100354
2022-08-18 17:37:59,214 INFO archived 1560359529300230147
2022-08-18 17:37:59,214 INFO archived 1560359479476195328
2022-08-18 17:37:59,216 INFO archived 1560359463751761922
2022-08-18 17:37:59,217 INFO archived 1560359454096375810
2022-08-18 17:37:59,218 INFO archived 1560359452892610571
2022-08-18 17:37:59,219 INFO archived 1560359416418942982
2022-08-18 17:37:59,219 INFO archived 1560359391316086784
2022-08-18 17:37:59,221 INFO archived 1560359380398313474
2022-08-18 17:37:59,222 INFO archived 1560359331433955328
2022-08-18 17:37:59,223 INFO archived 1560359327231246336
2022-08-18 17:37:59,224 INFO archived 1560359279097511937
2022-08-18 17:37:59,225 INFO archived 1560359242384543744
2022-08-18 17:37:59,226 INFO archived 1560359192745107456
2022-08-18 17:37:59,228 INFO archived 1560359162508353538
2022-08-18 17:37:59,229 INFO archived 1560359115133681665
2022-08-18 17:37:59,230 INFO archived 1560359102282350593
2022-08-18 17:37:59,230 INFO getting ('https://api.twitter.com/1.1/search/tweets.json',) {'params': {'count': 100, 'q': '(ukraine AND kherson) OR (russia AND kherson)', 'include_ext_alt_text': 'true', 'include_entities': 'true', 'result_type': 'recent', 'tweet_mode': 'extended', 'max_id': '1560359102282350592'}}
2022-08-18 17:37:59,550 INFO archived 1560359075497611264
2022-08-18 17:37:59,551 INFO archived 1560359068300361728
2022-08-18 17:37:59,552 INFO archived 1560359044438757378
2022-08-18 17:37:59,553 INFO archived 1560359041875968006
2022-08-18 17:37:59,554 INFO archived 1560358995856080903
2022-08-18 17:37:59,556 INFO archived 1560358872061280257
2022-08-18 17:37:59,557 INFO archived 1560358857460834306
2022-08-18 17:37:59,558 INFO archived 1560358850271879169
2022-08-18 17:37:59,560 INFO archived 1560358759813234688
2022-08-18 17:37:59,560 INFO archived 1560358712853815297
2022-08-18 17:37:59,562 INFO archived 1560358704591118337
2022-08-18 17:37:59,564 INFO archived 1560358680859648000
2022-08-18 17:37:59,565 INFO archived 1560358666032873474
2022-08-18 17:37:59,566 INFO archived 1560358665898655745
2022-08-18 17:37:59,567 INFO archived 1560358655035424771
2022-08-18 17:37:59,568 INFO archived 1560358647301115910
2022-08-18 17:37:59,569 INFO archived 1560358644423835649
2022-08-18 17:37:59,570 INFO archived 1560358636735664128
2022-08-18 17:37:59,571 INFO archived 1560358614380036102
2022-08-18 17:37:59,573 INFO archived 1560358606297436160
2022-08-18 17:37:59,574 INFO archived 1560358586936659969
2022-08-18 17:37:59,575 INFO archived 1560358564786569216
2022-08-18 17:37:59,576 INFO archived 1560358531198464000
2022-08-18 17:37:59,577 INFO archived 1560358520180154368
2022-08-18 17:37:59,578 INFO archived 1560358479868694528
2022-08-18 17:37:59,580 INFO archived 1560358347630645248
2022-08-18 17:37:59,581 INFO archived 1560358342903468033
2022-08-18 17:37:59,582 INFO archived 1560358285269557251
2022-08-18 17:37:59,583 INFO archived 1560358267141996545
2022-08-18 17:37:59,584 INFO archived 1560358219641458688
2022-08-18 17:37:59,586 INFO archived 1560358205175173120
2022-08-18 17:37:59,586 INFO archived 1560358180076634114
2022-08-18 17:37:59,588 INFO archived 1560358174955343876
2022-08-18 17:37:59,589 INFO archived 1560358168529514500
2022-08-18 17:37:59,590 INFO archived 1560358117841461248
2022-08-18 17:37:59,591 INFO archived 1560358115190734851
2022-08-18 17:37:59,592 INFO archived 1560358083187974145
2022-08-18 17:37:59,592 INFO archived 1560358072832462848
2022-08-18 17:37:59,594 INFO archived 1560358030465650688
2022-08-18 17:37:59,595 INFO archived 1560358016897146881
2022-08-18 17:37:59,596 INFO archived 1560357996747800576
2022-08-18 17:37:59,597 INFO archived 1560357952397139973
2022-08-18 17:37:59,600 INFO archived 1560357917143941120
2022-08-18 17:37:59,601 INFO archived 1560357910026194944
2022-08-18 17:37:59,602 INFO archived 1560357889038065665
2022-08-18 17:37:59,604 INFO archived 1560357838253424640
2022-08-18 17:37:59,605 INFO archived 1560357820868038657
2022-08-18 17:37:59,606 INFO archived 1560357819785908225
2022-08-18 17:37:59,607 INFO archived 1560357800328536069
2022-08-18 17:37:59,608 INFO archived 1560357781583958016
2022-08-18 17:37:59,609 INFO archived 1560357760289722369
2022-08-18 17:37:59,611 INFO archived 1560357731617366016
2022-08-18 17:37:59,612 INFO archived 1560357712424214528
2022-08-18 17:37:59,613 INFO archived 1560357692941783040
2022-08-18 17:37:59,614 INFO archived 1560357671479418886
2022-08-18 17:37:59,614 INFO archived 1560357637090291712
2022-08-18 17:37:59,616 INFO archived 1560357620443226118
2022-08-18 17:37:59,617 INFO archived 1560357567649521669
2022-08-18 17:37:59,617 INFO archived 1560357553309159426
2022-08-18 17:37:59,618 INFO archived 1560357520236875776
2022-08-18 17:37:59,620 INFO archived 1560357513412870144
2022-08-18 17:37:59,621 INFO archived 1560357509021450242
2022-08-18 17:37:59,622 INFO archived 1560357503250071557
2022-08-18 17:37:59,622 INFO archived 1560357485344595968
2022-08-18 17:37:59,624 INFO archived 1560357464939417600
2022-08-18 17:37:59,624 INFO archived 1560357457330946053
2022-08-18 17:37:59,625 INFO archived 1560357374820507648
2022-08-18 17:37:59,627 INFO archived 1560357326191611904
2022-08-18 17:37:59,628 INFO archived 1560357303919976452
2022-08-18 17:37:59,629 INFO archived 1560357296252788736
2022-08-18 17:37:59,630 INFO archived 1560357242062389257
2022-08-18 17:37:59,631 INFO archived 1560357110675869698
2022-08-18 17:37:59,632 INFO archived 1560357081353371648
2022-08-18 17:37:59,633 INFO archived 1560357051812962305
2022-08-18 17:37:59,634 INFO archived 1560357023174336516
2022-08-18 17:37:59,635 INFO archived 1560357009425403904
2022-08-18 17:37:59,636 INFO archived 1560356923769344003
2022-08-18 17:37:59,637 INFO archived 1560356892421103616
2022-08-18 17:37:59,639 INFO archived 1560356888226709504
2022-08-18 17:37:59,640 INFO archived 1560356848108175362
2022-08-18 17:37:59,640 INFO archived 1560356815673692161
2022-08-18 17:37:59,641 INFO archived 1560356805510848513
2022-08-18 17:37:59,643 INFO archived 1560356780634406913
2022-08-18 17:37:59,643 INFO archived 1560356763911725058
2022-08-18 17:37:59,645 INFO archived 1560356733373091840
2022-08-18 17:37:59,645 INFO archived 1560356730961371136
2022-08-18 17:37:59,647 INFO archived 1560356729656709122
2022-08-18 17:37:59,648 INFO archived 1560356692059193344
2022-08-18 17:37:59,649 INFO archived 1560356511234531328
2022-08-18 17:37:59,650 INFO archived 1560356488832507905
2022-08-18 17:37:59,651 INFO archived 1560356486047567872
2022-08-18 17:37:59,652 INFO archived 1560356480141885442
2022-08-18 17:37:59,653 INFO archived 1560356477751156738
2022-08-18 17:37:59,654 INFO archived 1560356414027079681
2022-08-18 17:37:59,655 INFO archived 1560356380808056832
2022-08-18 17:37:59,657 INFO archived 1560356376232087552
2022-08-18 17:37:59,657 INFO archived 1560356354958987264
2022-08-18 17:37:59,659 INFO archived 1560356319588130823
2022-08-18 17:37:59,660 INFO archived 1560356288390914048
2022-08-18 17:37:59,661 INFO archived 1560356265351454720
2022-08-18 17:37:59,661 INFO getting ('https://api.twitter.com/1.1/search/tweets.json',) {'params': {'count': 100, 'q': '(ukraine AND kherson) OR (russia AND kherson)', 'include_ext_alt_text': 'true', 'include_entities': 'true', 'result_type': 'recent', 'tweet_mode': 'extended', 'max_id': '1560356265351454719'}}
2022-08-18 17:37:59,951 INFO archived 1560356201858318337
2022-08-18 17:37:59,952 INFO archived 1560356180433805313
2022-08-18 17:37:59,953 INFO archived 1560356175396339716
2022-08-18 17:37:59,953 INFO archived 1560356101715116032
2022-08-18 17:37:59,955 INFO archived 1560356088490479618
2022-08-18 17:37:59,956 INFO archived 1560356069926653952
2022-08-18 17:37:59,957 INFO archived 1560356032077074432
2022-08-18 17:37:59,958 INFO archived 1560356027677147136
2022-08-18 17:37:59,959 INFO archived 1560355995771179011
2022-08-18 17:37:59,960 INFO archived 1560355943157796864
2022-08-18 17:37:59,961 INFO archived 1560355920101736448
2022-08-18 17:37:59,962 INFO archived 1560355914779181058
2022-08-18 17:37:59,964 INFO archived 1560355903785820161
2022-08-18 17:37:59,965 INFO archived 1560355893128085504
2022-08-18 17:37:59,966 INFO archived 1560355892859588608
2022-08-18 17:37:59,967 INFO archived 1560355882948472832
2022-08-18 17:37:59,967 INFO archived 1560355867228131328
2022-08-18 17:37:59,969 INFO archived 1560355866372702209
2022-08-18 17:37:59,970 INFO archived 1560355847959486465
2022-08-18 17:37:59,971 INFO archived 1560355799234486273
2022-08-18 17:37:59,972 INFO archived 1560355723976085505
2022-08-18 17:37:59,973 INFO archived 1560355683652063239
2022-08-18 17:37:59,974 INFO archived 1560355667059539968
2022-08-18 17:37:59,975 INFO archived 1560355649518968832
2022-08-18 17:37:59,977 INFO archived 1560355599090651136
2022-08-18 17:37:59,978 INFO archived 1560355574470017047
2022-08-18 17:37:59,979 INFO archived 1560355549094547458
2022-08-18 17:37:59,980 INFO archived 1560355517205200896
2022-08-18 17:37:59,981 INFO archived 1560355481486471168
2022-08-18 17:37:59,982 INFO archived 1560355449442127872
2022-08-18 17:37:59,983 INFO archived 1560355445759307776
2022-08-18 17:37:59,984 INFO archived 1560355411949195265
2022-08-18 17:37:59,984 INFO archived 1560355393905328129
2022-08-18 17:37:59,986 INFO archived 1560355285008531458
2022-08-18 17:37:59,987 INFO archived 1560355235675119619
2022-08-18 17:37:59,987 INFO archived 1560355153441705984
2022-08-18 17:37:59,989 INFO archived 1560355095002349569
2022-08-18 17:37:59,989 INFO archived 1560355093136003072
2022-08-18 17:37:59,990 INFO archived 1560355077466083328
2022-08-18 17:37:59,991 INFO archived 1560354880472203266
2022-08-18 17:37:59,992 INFO archived 1560354871240695808
2022-08-18 17:37:59,993 INFO archived 1560354850235351052
2022-08-18 17:37:59,994 INFO archived 1560354718534275074
2022-08-18 17:37:59,996 INFO archived 1560354696094679040
2022-08-18 17:37:59,996 INFO archived 1560354652268466178
2022-08-18 17:37:59,997 INFO archived 1560354632840396800
2022-08-18 17:37:59,999 INFO archived 1560354575470698497
2022-08-18 17:38:00,000 INFO archived 1560354474232889347
2022-08-18 17:38:00,001 INFO archived 1560354435150364672
2022-08-18 17:38:00,002 INFO archived 1560354378523066373
2022-08-18 17:38:00,003 INFO archived 1560354376409038850
2022-08-18 17:38:00,004 INFO archived 1560354372822831104
2022-08-18 17:38:00,005 INFO archived 1560354285229117442
2022-08-18 17:38:00,006 INFO archived 1560354113526943749
2022-08-18 17:38:00,007 INFO archived 1560354047760207872
2022-08-18 17:38:00,009 INFO archived 1560354031821783043
2022-08-18 17:38:00,009 INFO archived 1560354017099874310
2022-08-18 17:38:00,010 INFO archived 1560353988280692737
2022-08-18 17:38:00,011 INFO archived 1560353971574906883
2022-08-18 17:38:00,013 INFO archived 1560353964163354625
2022-08-18 17:38:00,013 INFO archived 1560353882504667144
2022-08-18 17:38:00,014 INFO archived 1560353875248513027
2022-08-18 17:38:00,016 INFO archived 1560353858819440641
2022-08-18 17:38:00,017 INFO archived 1560353853937258497
2022-08-18 17:38:00,018 INFO archived 1560353786970968065
2022-08-18 17:38:00,019 INFO archived 1560353785439932417
2022-08-18 17:38:00,020 INFO archived 1560353712677261314
2022-08-18 17:38:00,020 INFO archived 1560353705731440640
2022-08-18 17:38:00,022 INFO archived 1560353640052817920
2022-08-18 17:38:00,023 INFO archived 1560353500055232512
2022-08-18 17:38:00,024 INFO archived 1560353393918578689
2022-08-18 17:38:00,025 INFO archived 1560353372745744386
2022-08-18 17:38:00,026 INFO archived 1560353342697533440
2022-08-18 17:38:00,026 INFO archived 1560353320405024768
2022-08-18 17:38:00,028 INFO archived 1560353294597455875
2022-08-18 17:38:00,029 INFO archived 1560353234572775424
2022-08-18 17:38:00,030 INFO archived 1560353054330847235
2022-08-18 17:38:00,031 INFO archived 1560353048693817344
2022-08-18 17:38:00,031 INFO archived 1560353035016183809
2022-08-18 17:38:00,033 INFO archived 1560353000320864256
2022-08-18 17:38:00,034 INFO archived 1560352919412772874
2022-08-18 17:38:00,036 INFO archived 1560352795483672577
2022-08-18 17:38:00,036 INFO archived 1560352758229762050
2022-08-18 17:38:00,038 INFO archived 1560352682103246853
2022-08-18 17:38:00,039 INFO archived 1560352676612739073
2022-08-18 17:38:00,040 INFO archived 1560352663061028864
2022-08-18 17:38:00,041 INFO archived 1560352634002866177
2022-08-18 17:38:00,042 INFO archived 1560352582383673345
2022-08-18 17:38:00,043 INFO archived 1560352577912557568
2022-08-18 17:38:00,044 INFO archived 1560352568781557761
2022-08-18 17:38:00,044 INFO archived 1560352455619014656
2022-08-18 17:38:00,046 INFO archived 1560352415404199936
2022-08-18 17:38:00,046 INFO archived 1560352408462471169
2022-08-18 17:38:00,049 INFO archived 1560352204799807492
2022-08-18 17:38:00,049 INFO archived 1560352171878518784
2022-08-18 17:38:00,050 INFO archived 1560351969050591232
2022-08-18 17:38:00,051 INFO archived 1560351845960130560
2022-08-18 17:38:00,052 INFO archived 1560351794022256645
2022-08-18 17:38:00,053 INFO archived 1560351774317223936
2022-08-18 17:38:00,054 INFO archived 1560351639592398848
2022-08-18 17:38:00,054 INFO getting ('https://api.twitter.com/1.1/search/tweets.json',) {'params': {'count': 100, 'q': '(ukraine AND kherson) OR (russia AND kherson)', 'include_ext_alt_text': 'true', 'include_entities': 'true', 'result_type': 'recent', 'tweet_mode': 'extended', 'max_id': '1560351639592398847'}}
2022-08-18 17:38:00,384 INFO archived 1560351628879925248
2022-08-18 17:38:00,385 INFO archived 1560351621103714306
2022-08-18 17:38:00,386 INFO archived 1560351542846164992
2022-08-18 17:38:00,387 INFO archived 1560351463280447491
2022-08-18 17:38:00,388 INFO archived 1560351456418402304
2022-08-18 17:38:00,389 INFO archived 1560351440123486208
2022-08-18 17:38:00,390 INFO archived 1560351406309228546
2022-08-18 17:38:00,391 INFO archived 1560351380149338112
2022-08-18 17:38:00,392 INFO archived 1560351196958826497
2022-08-18 17:38:00,394 INFO archived 1560351148879618048
2022-08-18 17:38:00,395 INFO archived 1560351117439111171
2022-08-18 17:38:00,396 INFO archived 1560350943975116800
2022-08-18 17:38:00,396 INFO archived 1560350921497817088
2022-08-18 17:38:00,397 INFO archived 1560350907249922057
2022-08-18 17:38:00,398 INFO archived 1560350873032728578
2022-08-18 17:38:00,400 INFO archived 1560350868741955584
2022-08-18 17:38:00,401 INFO archived 1560350862081511427
2022-08-18 17:38:00,402 INFO archived 1560350753289535492
2022-08-18 17:38:00,403 INFO archived 1560350681835487232
2022-08-18 17:38:00,404 INFO archived 1560350650789150721
2022-08-18 17:38:00,405 INFO archived 1560350562868133893
2022-08-18 17:38:00,406 INFO archived 1560350419251068930
2022-08-18 17:38:00,407 INFO archived 1560350346660265985
2022-08-18 17:38:00,408 INFO archived 1560350267916304384
2022-08-18 17:38:00,410 INFO archived 1560350243429949440
2022-08-18 17:38:00,410 INFO archived 1560350231098757121
2022-08-18 17:38:00,411 INFO archived 1560350126505398274
2022-08-18 17:38:00,412 INFO archived 1560350089096445958
2022-08-18 17:38:00,413 INFO archived 1560350085896085506
2022-08-18 17:38:00,414 INFO archived 1560349968946405378
2022-08-18 17:38:00,416 INFO archived 1560349886033399814
2022-08-18 17:38:00,417 INFO archived 1560349813266341889
2022-08-18 17:38:00,418 INFO archived 1560349801488814081
2022-08-18 17:38:00,419 INFO archived 1560349788918337536
2022-08-18 17:38:00,420 INFO archived 1560349739752751105
2022-08-18 17:38:00,422 INFO archived 1560349734921203712
2022-08-18 17:38:00,423 INFO archived 1560349502653009924
2022-08-18 17:38:00,424 INFO archived 1560349441940414471
2022-08-18 17:38:00,425 INFO archived 1560349342912872448
2022-08-18 17:38:00,426 INFO archived 1560349330854354944
2022-08-18 17:38:00,426 INFO archived 1560349236260110336
2022-08-18 17:38:00,428 INFO archived 1560349216488275968
2022-08-18 17:38:00,429 INFO archived 1560349203695652865
2022-08-18 17:38:00,429 INFO archived 1560349178315694080
2022-08-18 17:38:00,431 INFO archived 1560349082358583301
2022-08-18 17:38:00,432 INFO archived 1560349046983852033
2022-08-18 17:38:00,433 INFO archived 1560348991182852096
2022-08-18 17:38:00,434 INFO archived 1560348912787005442
2022-08-18 17:38:00,435 INFO archived 1560348910475952132
2022-08-18 17:38:00,436 INFO archived 1560348900950786050
2022-08-18 17:38:00,437 INFO archived 1560348891278708737
2022-08-18 17:38:00,438 INFO archived 1560348888225222656
2022-08-18 17:38:00,439 INFO archived 1560348848018624514
2022-08-18 17:38:00,440 INFO archived 1560348842226323456
2022-08-18 17:38:00,441 INFO archived 1560348740568899591
2022-08-18 17:38:00,442 INFO archived 1560348691101278209
2022-08-18 17:38:00,443 INFO archived 1560348666707283970
2022-08-18 17:38:00,444 INFO archived 1560348621270355969
2022-08-18 17:38:00,445 INFO archived 1560348612688633856
2022-08-18 17:38:00,446 INFO archived 1560348590689624065
2022-08-18 17:38:00,447 INFO archived 1560348587019554816
2022-08-18 17:38:00,448 INFO archived 1560348570724831233
2022-08-18 17:38:00,449 INFO archived 1560348509865496578
2022-08-18 17:38:00,450 INFO archived 1560348452986318848
2022-08-18 17:38:00,452 INFO archived 1560348396816302089
2022-08-18 17:38:00,453 INFO archived 1560348349940785159
2022-08-18 17:38:00,454 INFO archived 1560348331670323200
2022-08-18 17:38:00,455 INFO archived 1560348316759629832
2022-08-18 17:38:00,456 INFO archived 1560348312297000961
2022-08-18 17:38:00,457 INFO archived 1560348254402920450
2022-08-18 17:38:00,459 INFO archived 1560348228553322497
2022-08-18 17:38:00,460 INFO archived 1560348206147436545
2022-08-18 17:38:00,461 INFO archived 1560348156994658304
2022-08-18 17:38:00,462 INFO archived 1560348147359944704
2022-08-18 17:38:00,463 INFO archived 1560348136102658048
2022-08-18 17:38:00,464 INFO archived 1560348133946789889
2022-08-18 17:38:00,465 INFO archived 1560348077910855686
2022-08-18 17:38:00,466 INFO archived 1560348000416923648
2022-08-18 17:38:00,467 INFO archived 1560347988077121536
2022-08-18 17:38:00,468 INFO archived 1560347922335776774
2022-08-18 17:38:00,469 INFO archived 1560347881739096065
2022-08-18 17:38:00,470 INFO archived 1560347821617942530
2022-08-18 17:38:00,471 INFO archived 1560347758065659904
2022-08-18 17:38:00,472 INFO archived 1560347739992506368
2022-08-18 17:38:00,473 INFO archived 1560347716672110592
2022-08-18 17:38:00,475 INFO archived 1560347569967996930
2022-08-18 17:38:00,476 INFO archived 1560347509083488259
2022-08-18 17:38:00,476 INFO archived 1560347371472490496
2022-08-18 17:38:00,477 INFO archived 1560347319823831040
2022-08-18 17:38:00,478 INFO archived 1560347309866553344
2022-08-18 17:38:00,479 INFO archived 1560347299007631364
2022-08-18 17:38:00,480 INFO archived 1560347197278937090
2022-08-18 17:38:00,481 INFO archived 1560347184759021568
2022-08-18 17:38:00,483 INFO archived 1560347151586263040
2022-08-18 17:38:00,484 INFO archived 1560347049324937217
2022-08-18 17:38:00,485 INFO archived 1560346970358960128
2022-08-18 17:38:00,485 INFO archived 1560346946161807363
2022-08-18 17:38:00,487 INFO archived 1560346815433773057
2022-08-18 17:38:00,488 INFO archived 1560346781430448128
2022-08-18 17:38:00,489 INFO archived 1560346720608960515
2022-08-18 17:38:00,489 INFO getting ('https://api.twitter.com/1.1/search/tweets.json',) {'params': {'count': 100, 'q': '(ukraine AND kherson) OR (russia AND kherson)', 'include_ext_alt_text': 'true', 'include_entities': 'true', 'result_type': 'recent', 'tweet_mode': 'extended', 'max_id': '1560346720608960514'}}
2022-08-18 17:38:00,875 INFO archived 1560346586575785988
2022-08-18 17:38:00,877 INFO archived 1560346582620446723
2022-08-18 17:38:00,878 INFO archived 1560346556439691266
2022-08-18 17:38:00,879 INFO archived 1560346494112235523
2022-08-18 17:38:00,880 INFO archived 1560346486281576449
2022-08-18 17:38:00,881 INFO archived 1560346462294261760
2022-08-18 17:38:00,882 INFO archived 1560346449002512384
2022-08-18 17:38:00,883 INFO archived 1560346389443485697
2022-08-18 17:38:00,885 INFO archived 1560346378798342146
2022-08-18 17:38:00,886 INFO archived 1560346359814914049
2022-08-18 17:38:00,887 INFO archived 1560346230932267014
2022-08-18 17:38:00,888 INFO archived 1560346214469713923
2022-08-18 17:38:00,889 INFO archived 1560346184966983684
2022-08-18 17:38:00,890 INFO archived 1560346174858571776
2022-08-18 17:38:00,890 INFO archived 1560346151781425152
2022-08-18 17:38:00,891 INFO archived 1560346145649483777
2022-08-18 17:38:00,893 INFO archived 1560346118218817540
2022-08-18 17:38:00,894 INFO archived 1560346097435959297
2022-08-18 17:38:00,895 INFO archived 1560346086719586305
2022-08-18 17:38:00,895 INFO archived 1560346022290792448
2022-08-18 17:38:00,896 INFO archived 1560346014569025536
2022-08-18 17:38:00,898 INFO archived 1560345917500317698
2022-08-18 17:38:00,898 INFO archived 1560345895132008448
2022-08-18 17:38:00,899 INFO archived 1560345841709318144
2022-08-18 17:38:00,901 INFO archived 1560345821786275842
2022-08-18 17:38:00,902 INFO archived 1560345815893377026
2022-08-18 17:38:00,903 INFO archived 1560345672557158402
2022-08-18 17:38:00,904 INFO archived 1560345632707067907
2022-08-18 17:38:00,905 INFO archived 1560345587727335424
2022-08-18 17:38:00,906 INFO archived 1560345559248035843
2022-08-18 17:38:00,907 INFO archived 1560345519943213059
2022-08-18 17:38:00,908 INFO archived 1560345492768391170
2022-08-18 17:38:00,909 INFO archived 1560345463261372416
2022-08-18 17:38:00,910 INFO archived 1560345435491139585
2022-08-18 17:38:00,911 INFO archived 1560345384806977546
2022-08-18 17:38:00,912 INFO archived 1560345328825556992
2022-08-18 17:38:00,913 INFO archived 1560345318448832518
2022-08-18 17:38:00,914 INFO archived 1560345232084025345
2022-08-18 17:38:00,915 INFO archived 1560345229374504961
2022-08-18 17:38:00,916 INFO archived 1560345197699125254
2022-08-18 17:38:00,917 INFO archived 1560345158226481153
2022-08-18 17:38:00,918 INFO archived 1560344958036369409
2022-08-18 17:38:00,920 INFO archived 1560344950264438785
2022-08-18 17:38:00,920 INFO archived 1560344819439849472
2022-08-18 17:38:00,921 INFO archived 1560344802750758913
2022-08-18 17:38:00,922 INFO archived 1560344801421172744
2022-08-18 17:38:00,924 INFO archived 1560344783855525895
2022-08-18 17:38:00,925 INFO archived 1560344729639952386
2022-08-18 17:38:00,926 INFO archived 1560344661436375041
2022-08-18 17:38:00,926 INFO archived 1560344642327035904
2022-08-18 17:38:00,927 INFO archived 1560344575100784642
2022-08-18 17:38:00,928 INFO archived 1560344478023557123
2022-08-18 17:38:00,929 INFO archived 1560344383584718848
2022-08-18 17:38:00,930 INFO archived 1560344211685261313
2022-08-18 17:38:00,931 INFO archived 1560344113282568192
2022-08-18 17:38:00,933 INFO archived 1560344085675778049
2022-08-18 17:38:00,934 INFO archived 1560344047646015488
2022-08-18 17:38:00,935 INFO archived 1560344003765325826
2022-08-18 17:38:00,936 INFO archived 1560343963944587265
2022-08-18 17:38:00,937 INFO archived 1560343953827840000
2022-08-18 17:38:00,938 INFO archived 1560343953517559808
2022-08-18 17:38:00,939 INFO archived 1560343922970398721
2022-08-18 17:38:00,940 INFO archived 1560343899041927168
2022-08-18 17:38:00,941 INFO archived 1560343896646791168
2022-08-18 17:38:00,942 INFO archived 1560343887163658240
2022-08-18 17:38:00,943 INFO archived 1560343745068994561
2022-08-18 17:38:00,944 INFO archived 1560343723640205312
2022-08-18 17:38:00,945 INFO archived 1560343693215035392
2022-08-18 17:38:00,945 INFO archived 1560343633240399878
2022-08-18 17:38:00,947 INFO archived 1560343560301469696
2022-08-18 17:38:00,948 INFO archived 1560343551824871426
2022-08-18 17:38:00,949 INFO archived 1560343508136902664
2022-08-18 17:38:00,950 INFO archived 1560343505708503041
2022-08-18 17:38:00,951 INFO archived 1560343492781658112
2022-08-18 17:38:00,952 INFO archived 1560343385038364679
2022-08-18 17:38:00,953 INFO archived 1560343343158140928
2022-08-18 17:38:00,954 INFO archived 1560343331569532929
2022-08-18 17:38:00,955 INFO archived 1560343295242510343
2022-08-18 17:38:00,956 INFO archived 1560343284752457728
2022-08-18 17:38:00,956 INFO archived 1560343275243970560
2022-08-18 17:38:00,958 INFO archived 1560343262040576000
2022-08-18 17:38:00,958 INFO archived 1560343256906481664
2022-08-18 17:38:00,960 INFO archived 1560343228330741762
2022-08-18 17:38:00,961 INFO archived 1560343210110685186
2022-08-18 17:38:00,962 INFO archived 1560343148529950721
2022-08-18 17:38:00,963 INFO archived 1560343142901207043
2022-08-18 17:38:00,964 INFO archived 1560343142133538816
2022-08-18 17:38:00,965 INFO archived 1560343112022724609
2022-08-18 17:38:00,966 INFO archived 1560343094888906753
2022-08-18 17:38:00,967 INFO archived 1560343093525860356
2022-08-18 17:38:00,968 INFO archived 1560342962726469633
2022-08-18 17:38:00,969 INFO archived 1560342962080546818
2022-08-18 17:38:00,970 INFO archived 1560342960943910913
2022-08-18 17:38:00,971 INFO archived 1560342908733194242
2022-08-18 17:38:00,972 INFO archived 1560342872733499394
2022-08-18 17:38:00,973 INFO archived 1560342871936466945
2022-08-18 17:38:00,974 INFO archived 1560342867276693505
2022-08-18 17:38:00,975 INFO archived 1560342861354352643
2022-08-18 17:38:00,976 INFO archived 1560342839866925056
2022-08-18 17:38:00,977 INFO archived 1560342812981338113
2022-08-18 17:38:00,977 INFO getting ('https://api.twitter.com/1.1/search/tweets.json',) {'params': {'count': 100, 'q': '(ukraine AND kherson) OR (russia AND kherson)', 'include_ext_alt_text': 'true', 'include_entities': 'true', 'result_type': 'recent', 'tweet_mode': 'extended', 'max_id': '1560342812981338112'}}
2022-08-18 17:38:01,269 INFO archived 1560342780899168259
2022-08-18 17:38:01,270 INFO archived 1560342729560887296
2022-08-18 17:38:01,271 INFO archived 1560342693670174720
2022-08-18 17:38:01,272 INFO archived 1560342668139429889
2022-08-18 17:38:01,273 INFO archived 1560342623788875782
2022-08-18 17:38:01,274 INFO archived 1560342613441609728
2022-08-18 17:38:01,275 INFO archived 1560342557623590913
2022-08-18 17:38:01,276 INFO archived 1560342554566090752
2022-08-18 17:38:01,278 INFO archived 1560342544604893184
2022-08-18 17:38:01,279 INFO archived 1560342532877320192
2022-08-18 17:38:01,280 INFO archived 1560342530037882882
2022-08-18 17:38:01,281 INFO archived 1560342485330804736
2022-08-18 17:38:01,283 INFO archived 1560342480129667073
2022-08-18 17:38:01,284 INFO archived 1560342452728463360
2022-08-18 17:38:01,284 INFO archived 1560342449897316353
2022-08-18 17:38:01,285 INFO archived 1560342438727884800
2022-08-18 17:38:01,287 INFO archived 1560342436702044162
2022-08-18 17:38:01,288 INFO archived 1560342403332161537
2022-08-18 17:38:01,289 INFO archived 1560342390925275136
2022-08-18 17:38:01,290 INFO archived 1560342390195605504
2022-08-18 17:38:01,291 INFO archived 1560342386399756290
2022-08-18 17:38:01,292 INFO archived 1560342338261630979
2022-08-18 17:38:01,294 INFO archived 1560342310965190656
2022-08-18 17:38:01,295 INFO archived 1560342290912219137
2022-08-18 17:38:01,296 INFO archived 1560342288508760064
2022-08-18 17:38:01,296 INFO archived 1560342262093053954
2022-08-18 17:38:01,298 INFO archived 1560342213988679681
2022-08-18 17:38:01,299 INFO archived 1560342158770671618
2022-08-18 17:38:01,300 INFO archived 1560342156253863937
2022-08-18 17:38:01,301 INFO archived 1560342144522620928
2022-08-18 17:38:01,302 INFO archived 1560342122699554819
2022-08-18 17:38:01,304 INFO archived 1560342115174887424
2022-08-18 17:38:01,305 INFO archived 1560342087572152322
2022-08-18 17:38:01,306 INFO archived 1560342071654973440
2022-08-18 17:38:01,307 INFO archived 1560342065703227393
2022-08-18 17:38:01,308 INFO archived 1560342060183351297
2022-08-18 17:38:01,310 INFO archived 1560342009101131779
2022-08-18 17:38:01,311 INFO archived 1560341964066889730
2022-08-18 17:38:01,312 INFO archived 1560341784479293441
2022-08-18 17:38:01,312 INFO archived 1560341778838028290
2022-08-18 17:38:01,314 INFO archived 1560341641143230465
2022-08-18 17:38:01,315 INFO archived 1560341637599006722
2022-08-18 17:38:01,315 INFO archived 1560341457277419520
2022-08-18 17:38:01,317 INFO archived 1560341391439527939
2022-08-18 17:38:01,318 INFO archived 1560341356043804685
2022-08-18 17:38:01,319 INFO archived 1560341067483951104
2022-08-18 17:38:01,319 INFO archived 1560341048211251202
2022-08-18 17:38:01,321 INFO archived 1560341036630777856
2022-08-18 17:38:01,322 INFO archived 1560340974504755201
2022-08-18 17:38:01,323 INFO archived 1560340969601617920
2022-08-18 17:38:01,323 INFO archived 1560340887602962432
2022-08-18 17:38:01,325 INFO archived 1560340808796176390
2022-08-18 17:38:01,326 INFO archived 1560340697831460864
2022-08-18 17:38:01,327 INFO archived 1560340682702831617
2022-08-18 17:38:01,328 INFO archived 1560340659759898624
2022-08-18 17:38:01,329 INFO archived 1560340257387814913
2022-08-18 17:38:01,330 INFO archived 1560340255353495555
2022-08-18 17:38:01,332 INFO archived 1560340142379917312
2022-08-18 17:38:01,333 INFO archived 1560340100315090944
2022-08-18 17:38:01,334 INFO archived 1560340040147996674
2022-08-18 17:38:01,335 INFO archived 1560339742616698882
2022-08-18 17:38:01,336 INFO archived 1560339667601526785
2022-08-18 17:38:01,337 INFO archived 1560339474411933697
2022-08-18 17:38:01,338 INFO archived 1560339437791453186
2022-08-18 17:38:01,339 INFO archived 1560339429855739905
2022-08-18 17:38:01,340 INFO archived 1560339402085343234
2022-08-18 17:38:01,341 INFO archived 1560339367062913026
2022-08-18 17:38:01,342 INFO archived 1560339353892802562
2022-08-18 17:38:01,343 INFO archived 1560339349673316352
2022-08-18 17:38:01,343 INFO archived 1560339257058701312
2022-08-18 17:38:01,345 INFO archived 1560339242299133952
2022-08-18 17:38:01,345 INFO archived 1560339237643251712
2022-08-18 17:38:01,346 INFO archived 1560339216793407489
2022-08-18 17:38:01,348 INFO archived 1560339199383011329
2022-08-18 17:38:01,349 INFO archived 1560339154818441231
2022-08-18 17:38:01,350 INFO archived 1560339027810721796
2022-08-18 17:38:01,351 INFO archived 1560338930125398018
2022-08-18 17:38:01,352 INFO archived 1560338855429111808
2022-08-18 17:38:01,354 INFO archived 1560338778983743488
2022-08-18 17:38:01,355 INFO archived 1560338739091722244
2022-08-18 17:38:01,355 INFO archived 1560338722947727363
2022-08-18 17:38:01,356 INFO archived 1560338512939044864
2022-08-18 17:38:01,358 INFO archived 1560338436887822338
2022-08-18 17:38:01,359 INFO archived 1560338386916892673
2022-08-18 17:38:01,360 INFO archived 1560338383108395008
2022-08-18 17:38:01,361 INFO archived 1560338186139832320
2022-08-18 17:38:01,362 INFO archived 1560338177298206721
2022-08-18 17:38:01,363 INFO archived 1560337948381483008
2022-08-18 17:38:01,364 INFO archived 1560337929297346561
2022-08-18 17:38:01,365 INFO archived 1560337850847076352
2022-08-18 17:38:01,366 INFO archived 1560337846577369089
2022-08-18 17:38:01,367 INFO archived 1560337687009267716
2022-08-18 17:38:01,368 INFO archived 1560337604670898176
2022-08-18 17:38:01,369 INFO archived 1560337603265716224
2022-08-18 17:38:01,370 INFO archived 1560337518456889346
2022-08-18 17:38:01,371 INFO archived 1560337421371416577
2022-08-18 17:38:01,372 INFO archived 1560337403453349893
2022-08-18 17:38:01,372 INFO archived 1560337304979329024
2022-08-18 17:38:01,374 INFO archived 1560337273421537282
2022-08-18 17:38:01,375 INFO archived 1560337248092028938
2022-08-18 17:38:01,375 INFO getting ('https://api.twitter.com/1.1/search/tweets.json',) {'params': {'count': 100, 'q': '(ukraine AND kherson) OR (russia AND kherson)', 'include_ext_alt_text': 'true', 'include_entities': 'true', 'result_type': 'recent', 'tweet_mode': 'extended', 'max_id': '1560337248092028937'}}
2022-08-18 17:38:01,682 INFO archived 1560337126205562885
2022-08-18 17:38:01,684 INFO archived 1560337118718636032
2022-08-18 17:38:01,685 INFO archived 1560337088473595906
2022-08-18 17:38:01,685 INFO archived 1560337047486926848
2022-08-18 17:38:01,687 INFO archived 1560336982441693184
2022-08-18 17:38:01,687 INFO archived 1560336897473359872
2022-08-18 17:38:01,689 INFO archived 1560336846135197697
2022-08-18 17:38:01,689 INFO archived 1560336824983162880
2022-08-18 17:38:01,690 INFO archived 1560336805186179073
2022-08-18 17:38:01,691 INFO archived 1560336712638808064
2022-08-18 17:38:01,692 INFO archived 1560336712185720832
2022-08-18 17:38:01,693 INFO archived 1560336620041424898
2022-08-18 17:38:01,694 INFO archived 1560336578202910721
2022-08-18 17:38:01,694 INFO archived 1560336487664816128
2022-08-18 17:38:01,695 INFO archived 1560336381678944256
2022-08-18 17:38:01,696 INFO archived 1560336368156479488
2022-08-18 17:38:01,697 INFO archived 1560336289622286336
2022-08-18 17:38:01,698 INFO archived 1560336269749768200
2022-08-18 17:38:01,698 INFO archived 1560336138849566720
2022-08-18 17:38:01,700 INFO archived 1560336137301917697
2022-08-18 17:38:01,701 INFO archived 1560336116934660096
2022-08-18 17:38:01,701 INFO archived 1560336094096408577
2022-08-18 17:38:01,703 INFO archived 1560336077428334593
2022-08-18 17:38:01,703 INFO archived 1560336063276662785
2022-08-18 17:38:01,704 INFO archived 1560336049091608576
2022-08-18 17:38:01,705 INFO archived 1560336044867870720
2022-08-18 17:38:01,706 INFO archived 1560336017374298115
2022-08-18 17:38:01,707 INFO archived 1560336010528968704
2022-08-18 17:38:01,708 INFO archived 1560335903914184707
2022-08-18 17:38:01,709 INFO archived 1560335886457487363
2022-08-18 17:38:01,710 INFO archived 1560335886453186561
2022-08-18 17:38:01,711 INFO archived 1560335880707100674
2022-08-18 17:38:01,712 INFO archived 1560335792505032707
2022-08-18 17:38:01,713 INFO archived 1560335783709405184
2022-08-18 17:38:01,714 INFO archived 1560335763878817792
2022-08-18 17:38:01,715 INFO archived 1560335738037755908
2022-08-18 17:38:01,716 INFO archived 1560335701224341504
2022-08-18 17:38:01,717 INFO archived 1560335674800226304
2022-08-18 17:38:01,719 INFO archived 1560335580105416704
2022-08-18 17:38:01,720 INFO archived 1560335579203739655
2022-08-18 17:38:01,722 INFO archived 1560335331966189569
2022-08-18 17:38:01,723 INFO archived 1560335322512326657
2022-08-18 17:38:01,725 INFO archived 1560335304732512257
2022-08-18 17:38:01,725 INFO archived 1560335287833821185
2022-08-18 17:38:01,726 INFO archived 1560335194799972352
2022-08-18 17:38:01,728 INFO archived 1560335147576221696
2022-08-18 17:38:01,730 INFO archived 1560335128353681409
2022-08-18 17:38:01,730 INFO archived 1560335124125962246
2022-08-18 17:38:01,732 INFO archived 1560335085790023681
2022-08-18 17:38:01,733 INFO archived 1560335052118056961
2022-08-18 17:38:01,735 INFO archived 1560335030383247360
2022-08-18 17:38:01,736 INFO archived 1560335019121557506
2022-08-18 17:38:01,737 INFO archived 1560335010124767234
2022-08-18 17:38:01,737 INFO archived 1560334993272061953
2022-08-18 17:38:01,738 INFO archived 1560334898963120128
2022-08-18 17:38:01,740 INFO archived 1560334864297197576
2022-08-18 17:38:01,740 INFO archived 1560334851856900098
2022-08-18 17:38:01,741 INFO archived 1560334713465835520
2022-08-18 17:38:01,742 INFO archived 1560334656762945537
2022-08-18 17:38:01,743 INFO archived 1560334633971204099
2022-08-18 17:38:01,744 INFO archived 1560334628740816897
2022-08-18 17:38:01,745 INFO archived 1560334608528556041
2022-08-18 17:38:01,746 INFO archived 1560334599460364290
2022-08-18 17:38:01,747 INFO archived 1560334449123926017
2022-08-18 17:38:01,747 INFO archived 1560334381432152065
2022-08-18 17:38:01,748 INFO archived 1560334307222224896
2022-08-18 17:38:01,750 INFO archived 1560334305129160704
2022-08-18 17:38:01,751 INFO archived 1560334286007451649
2022-08-18 17:38:01,752 INFO archived 1560334275496628224
2022-08-18 17:38:01,753 INFO archived 1560334241992478721
2022-08-18 17:38:01,754 INFO archived 1560334209583091719
2022-08-18 17:38:01,755 INFO archived 1560334193237696512
2022-08-18 17:38:01,755 INFO archived 1560334183016325120
2022-08-18 17:38:01,756 INFO archived 1560334131359277059
2022-08-18 17:38:01,757 INFO archived 1560334077823156225
2022-08-18 17:38:01,758 INFO archived 1560334045158023169
2022-08-18 17:38:01,759 INFO archived 1560334021963395072
2022-08-18 17:38:01,760 INFO archived 1560334013004500992
2022-08-18 17:38:01,760 INFO archived 1560333967815057410
2022-08-18 17:38:01,761 INFO archived 1560333850307428358
2022-08-18 17:38:01,762 INFO archived 1560333809425321984
2022-08-18 17:38:01,763 INFO archived 1560333802303590401
2022-08-18 17:38:01,764 INFO archived 1560333644610289671
2022-08-18 17:38:01,765 INFO archived 1560333468952846341
2022-08-18 17:38:01,766 INFO archived 1560333334076657665
2022-08-18 17:38:01,768 INFO archived 1560333315890184193
2022-08-18 17:38:01,769 INFO archived 1560333228279480320
2022-08-18 17:38:01,771 INFO archived 1560333211410268160
2022-08-18 17:38:01,772 INFO archived 1560333191592165376
2022-08-18 17:38:01,772 INFO archived 1560333170289041409
2022-08-18 17:38:01,773 INFO archived 1560333157127307265
2022-08-18 17:38:01,775 INFO archived 1560332944987881474
2022-08-18 17:38:01,775 INFO archived 1560332872241647617
2022-08-18 17:38:01,776 INFO archived 1560332804583473157
2022-08-18 17:38:01,778 INFO archived 1560332787806347265
2022-08-18 17:38:01,778 INFO archived 1560332542003163136
2022-08-18 17:38:01,779 INFO archived 1560332485392617472
2022-08-18 17:38:01,780 INFO archived 1560332460587503617
2022-08-18 17:38:01,781 INFO archived 1560332325979918336
2022-08-18 17:38:01,782 INFO archived 1560332247571611650
2022-08-18 17:38:01,782 INFO getting ('https://api.twitter.com/1.1/search/tweets.json',) {'params': {'count': 100, 'q': '(ukraine AND kherson) OR (russia AND kherson)', 'include_ext_alt_text': 'true', 'include_entities': 'true', 'result_type': 'recent', 'tweet_mode': 'extended', 'max_id': '1560332247571611649'}}
2022-08-18 17:38:02,276 WARNING process received SIGNT, stopping
